<?xml version="1.0" encoding="UTF-8"?>
<!-- Generated by org.testng.reporters.JUnitReportReporter -->
<testsuite hostname="LAPTOP-QMK202VJ" name="runner.ExecuteTestRunner" tests="1" failures="0" timestamp="15 Aug 2020 13:14:11 GMT" time="70.376" errors="0">
  <testcase name="feature" time="70.376" classname="runner.ExecuteTestRunner"/>
</testsuite> <!-- runner.ExecuteTestRunner -->
